2026-06-05T21:58:45.190Z error: Error
    at Query.run (C:\Users\Surface\OneDrive\Escritorio\AutenticaV0.0.1\backend\node_modules\sequelize\lib\dialects\mysql\query.js:52:25)
    at C:\Users\Surface\OneDrive\Escritorio\AutenticaV0.0.1\backend\node_modules\sequelize\lib\sequelize.js:315:28
    at process.processTicksAndRejections (node:internal/process/task_queues:105:5)
    at async MySQLQueryInterface.select (C:\Users\Surface\OneDrive\Escritorio\AutenticaV0.0.1\backend\node_modules\sequelize\lib\dialects\abstract\query-interface.js:407:12)
    at async Usuario.findAll (C:\Users\Surface\OneDrive\Escritorio\AutenticaV0.0.1\backend\node_modules\sequelize\lib\model.js:1140:21)
    at async Usuario.findOne (C:\Users\Surface\OneDrive\Escritorio\AutenticaV0.0.1\backend\node_modules\sequelize\lib\model.js:1240:12)
    at async register (C:\Users\Surface\OneDrive\Escritorio\AutenticaV0.0.1\backend\src\controllers\auth.controller.js:29:34)
2026-06-05T22:01:40.059Z error: Error
    at Query.run (C:\Users\Surface\OneDrive\Escritorio\AutenticaV0.0.1\backend\node_modules\sequelize\lib\dialects\mysql\query.js:52:25)
    at C:\Users\Surface\OneDrive\Escritorio\AutenticaV0.0.1\backend\node_modules\sequelize\lib\sequelize.js:315:28
    at process.processTicksAndRejections (node:internal/process/task_queues:105:5)
    at async MySQLQueryInterface.select (C:\Users\Surface\OneDrive\Escritorio\AutenticaV0.0.1\backend\node_modules\sequelize\lib\dialects\abstract\query-interface.js:407:12)
    at async Usuario.findAll (C:\Users\Surface\OneDrive\Escritorio\AutenticaV0.0.1\backend\node_modules\sequelize\lib\model.js:1140:21)
    at async Usuario.findOne (C:\Users\Surface\OneDrive\Escritorio\AutenticaV0.0.1\backend\node_modules\sequelize\lib\model.js:1240:12)
    at async register (C:\Users\Surface\OneDrive\Escritorio\AutenticaV0.0.1\backend\src\controllers\auth.controller.js:29:34)
2026-06-05T22:02:02.395Z error: Error
    at Query.run (C:\Users\Surface\OneDrive\Escritorio\AutenticaV0.0.1\backend\node_modules\sequelize\lib\dialects\mysql\query.js:52:25)
    at C:\Users\Surface\OneDrive\Escritorio\AutenticaV0.0.1\backend\node_modules\sequelize\lib\sequelize.js:315:28
    at process.processTicksAndRejections (node:internal/process/task_queues:105:5)
    at async MySQLQueryInterface.select (C:\Users\Surface\OneDrive\Escritorio\AutenticaV0.0.1\backend\node_modules\sequelize\lib\dialects\abstract\query-interface.js:407:12)
    at async Usuario.findAll (C:\Users\Surface\OneDrive\Escritorio\AutenticaV0.0.1\backend\node_modules\sequelize\lib\model.js:1140:21)
    at async Usuario.findOne (C:\Users\Surface\OneDrive\Escritorio\AutenticaV0.0.1\backend\node_modules\sequelize\lib\model.js:1240:12)
    at async register (C:\Users\Surface\OneDrive\Escritorio\AutenticaV0.0.1\backend\src\controllers\auth.controller.js:29:34)
2026-06-05T22:03:02.056Z error: Error enviando email a juan@example.com: Missing credentials for "PLAIN"
2026-06-05T22:03:02.066Z warn: No se pudo enviar el correo de bienvenida:
2026-06-05T22:04:16.660Z error: Error: No se puede completar el registro con estos datos
    at register (C:\Users\Surface\OneDrive\Escritorio\AutenticaV0.0.1\backend\src\controllers\auth.controller.js:31:19)
    at process.processTicksAndRejections (node:internal/process/task_queues:105:5)
2026-06-05T22:04:49.684Z error: Error enviando email a maria@example.com: Missing credentials for "PLAIN"
2026-06-05T22:04:49.694Z warn: No se pudo enviar el correo de bienvenida:
2026-06-05T22:06:19.663Z error: Error: La contraseña debe tener al menos 8 caracteres
    at handleValidation (C:\Users\Surface\OneDrive\Escritorio\AutenticaV0.0.1\backend\src\middlewares\validators.js:10:21)
    at Layer.handle [as handle_request] (C:\Users\Surface\OneDrive\Escritorio\AutenticaV0.0.1\backend\node_modules\express\lib\router\layer.js:95:5)
    at next (C:\Users\Surface\OneDrive\Escritorio\AutenticaV0.0.1\backend\node_modules\express\lib\router\route.js:149:13)
    at middleware (C:\Users\Surface\OneDrive\Escritorio\AutenticaV0.0.1\backend\node_modules\express-validator\lib\middlewares\check.js:16:13)
    at process.processTicksAndRejections (node:internal/process/task_queues:105:5)
2026-06-05T22:06:34.531Z error: Error: El correo no es válido
    at handleValidation (C:\Users\Surface\OneDrive\Escritorio\AutenticaV0.0.1\backend\src\middlewares\validators.js:10:21)
    at Layer.handle [as handle_request] (C:\Users\Surface\OneDrive\Escritorio\AutenticaV0.0.1\backend\node_modules\express\lib\router\layer.js:95:5)
    at next (C:\Users\Surface\OneDrive\Escritorio\AutenticaV0.0.1\backend\node_modules\express\lib\router\route.js:149:13)
    at middleware (C:\Users\Surface\OneDrive\Escritorio\AutenticaV0.0.1\backend\node_modules\express-validator\lib\middlewares\check.js:16:13)
    at process.processTicksAndRejections (node:internal/process/task_queues:105:5)
2026-06-05T22:07:02.405Z error: Error enviando email a lenny@gmail.com: Missing credentials for "PLAIN"
2026-06-05T22:07:02.406Z warn: No se pudo enviar el correo de bienvenida:
2026-06-05T22:07:40.335Z error: Error: Credenciales inválidas
    at login (C:\Users\Surface\OneDrive\Escritorio\AutenticaV0.0.1\backend\src\controllers\auth.controller.js:80:19)
    at process.processTicksAndRejections (node:internal/process/task_queues:105:5)
2026-06-05T22:16:46.809Z error: Error: Refresh token inválido o expirado
    at refreshToken (C:\Users\Surface\OneDrive\Escritorio\AutenticaV0.0.1\backend\src\controllers\auth.controller.js:123:19)
    at process.processTicksAndRejections (node:internal/process/task_queues:105:5)
2026-06-05T22:17:08.422Z error: Error: Refresh token inválido o expirado
    at refreshToken (C:\Users\Surface\OneDrive\Escritorio\AutenticaV0.0.1\backend\src\controllers\auth.controller.js:123:19)
    at process.processTicksAndRejections (node:internal/process/task_queues:105:5)
2026-06-05T22:36:54.690Z error: Error: Refresh token inválido o expirado
    at refreshToken (C:\Users\Surface\OneDrive\Escritorio\AutenticaV0.0.1\backend\src\controllers\auth.controller.js:123:19)
    at process.processTicksAndRejections (node:internal/process/task_queues:105:5)
2026-06-05T22:37:12.854Z error: Error enviando email a juan@example.com: Missing credentials for "PLAIN"
2026-06-05T22:37:12.855Z warn: No se pudo enviar el correo de recuperación:
2026-06-05T22:37:48.936Z error: Error: Código inválido o expirado
    at verificarCodigo (C:\Users\Surface\OneDrive\Escritorio\AutenticaV0.0.1\backend\src\controllers\auth.controller.js:212:19)
    at process.processTicksAndRejections (node:internal/process/task_queues:105:5)
2026-06-05T22:54:03.576Z error: Error: Credenciales inválidas
    at login (C:\Users\Surface\OneDrive\Escritorio\AutenticaV0.0.1\backend\src\controllers\auth.controller.js:66:19)
    at process.processTicksAndRejections (node:internal/process/task_queues:105:5)
2026-06-05T22:55:18.149Z error: Error enviando email a carlos@test.com: Missing credentials for "PLAIN"
2026-06-05T22:55:18.156Z warn: No se pudo enviar el correo de bienvenida:
2026-06-05T22:56:13.558Z error: Error: Refresh token inválido o expirado
    at refreshToken (C:\Users\Surface\OneDrive\Escritorio\AutenticaV0.0.1\backend\src\controllers\auth.controller.js:123:19)
    at process.processTicksAndRejections (node:internal/process/task_queues:105:5)
2026-06-05T22:56:18.967Z error: Error: Refresh token inválido o expirado
    at refreshToken (C:\Users\Surface\OneDrive\Escritorio\AutenticaV0.0.1\backend\src\controllers\auth.controller.js:123:19)
    at process.processTicksAndRejections (node:internal/process/task_queues:105:5)
2026-06-05T22:57:32.504Z error: Error: Refresh token inválido o expirado
    at refreshToken (C:\Users\Surface\OneDrive\Escritorio\AutenticaV0.0.1\backend\src\controllers\auth.controller.js:127:19)
    at Layer.handle [as handle_request] (C:\Users\Surface\OneDrive\Escritorio\AutenticaV0.0.1\backend\node_modules\express\lib\router\layer.js:95:5)
    at next (C:\Users\Surface\OneDrive\Escritorio\AutenticaV0.0.1\backend\node_modules\express\lib\router\route.js:149:13)
    at Route.dispatch (C:\Users\Surface\OneDrive\Escritorio\AutenticaV0.0.1\backend\node_modules\express\lib\router\route.js:119:3)
    at Layer.handle [as handle_request] (C:\Users\Surface\OneDrive\Escritorio\AutenticaV0.0.1\backend\node_modules\express\lib\router\layer.js:95:5)
    at C:\Users\Surface\OneDrive\Escritorio\AutenticaV0.0.1\backend\node_modules\express\lib\router\index.js:284:15
    at router.process_params (C:\Users\Surface\OneDrive\Escritorio\AutenticaV0.0.1\backend\node_modules\express\lib\router\index.js:346:12)
    at next (C:\Users\Surface\OneDrive\Escritorio\AutenticaV0.0.1\backend\node_modules\express\lib\router\index.js:280:10)
    at router.handle (C:\Users\Surface\OneDrive\Escritorio\AutenticaV0.0.1\backend\node_modules\express\lib\router\index.js:175:3)
    at router (C:\Users\Surface\OneDrive\Escritorio\AutenticaV0.0.1\backend\node_modules\express\lib\router\index.js:47:12)
